# JRE version: OpenJDK Runtime Environment (8.0_191-b12) (build 1.8.0_191-8u191-b12-2ubuntu0.18.04.1-b12)
# Java VM: OpenJDK 64-Bit Server VM (25.191-b12 mixed mode linux-amd64 compressed oops)
Heap:
 PSYoungGen      total 388608K, used 324678K [0x000000076e180000, 0x0000000791a80000, 0x00000007c0000000)
  eden space 285696K, 80% used [0x000000076e180000,0x000000077c314918,0x000000077f880000)
  from space 102912K, 91% used [0x000000077f880000,0x00000007853fcef0,0x0000000785d00000)
  to   space 115200K, 0% used [0x000000078aa00000,0x000000078aa00000,0x0000000791a80000)
 ParOldGen       total 271360K, used 174915K [0x00000006ca400000, 0x00000006dad00000, 0x000000076e180000)
  object space 271360K, 64% used [0x00000006ca400000,0x00000006d4ed0de8,0x00000006dad00000)
 Metaspace       used 33903K, capacity 35979K, committed 36096K, reserved 1079296K
  class space    used 5151K, capacity 5584K, committed 5632K, reserved 1048576K
GC Heap History (10 events):
Event: 47.578 GC heap before
{Heap before GC invocations=13 (full 2):
 PSYoungGen      total 265728K, used 66552K [0x000000076e180000, 0x0000000787180000, 0x00000007c0000000)
  eden space 199168K, 0% used [0x000000076e180000,0x000000076e180000,0x000000077a400000)
  from space 66560K, 99% used [0x000000077a400000,0x000000077e4fe3e8,0x000000077e500000)
  to   space 83456K, 0% used [0x0000000782000000,0x0000000782000000,0x0000000787180000)
 ParOldGen       total 104448K, used 102963K [0x00000006ca400000, 0x00000006d0a00000, 0x000000076e180000)
  object space 104448K, 98% used [0x00000006ca400000,0x00000006d088ce40,0x00000006d0a00000)
 Metaspace       used 31472K, capacity 32415K, committed 32512K, reserved 1077248K
  class space    used 4851K, capacity 5048K, committed 5120K, reserved 1048576K
Event: 48.130 GC heap after
Heap after GC invocations=13 (full 2):
 PSYoungGen      total 265728K, used 42022K [0x000000076e180000, 0x0000000787180000, 0x00000007c0000000)
  eden space 199168K, 0% used [0x000000076e180000,0x000000076e180000,0x000000077a400000)
  from space 66560K, 63% used [0x000000077a400000,0x000000077cd09a08,0x000000077e500000)
  to   space 83456K, 0% used [0x0000000782000000,0x0000000782000000,0x0000000787180000)
 ParOldGen       total 271360K, used 104084K [0x00000006ca400000, 0x00000006dad00000, 0x000000076e180000)
  object space 271360K, 38% used [0x00000006ca400000,0x00000006d09a5388,0x00000006dad00000)
 Metaspace       used 31472K, capacity 32415K, committed 32512K, reserved 1077248K
  class space    used 4851K, capacity 5048K, committed 5120K, reserved 1048576K
}
Event: 55.252 GC heap before
{Heap before GC invocations=14 (full 2):
 PSYoungGen      total 265728K, used 241190K [0x000000076e180000, 0x0000000787180000, 0x00000007c0000000)
  eden space 199168K, 100% used [0x000000076e180000,0x000000077a400000,0x000000077a400000)
  from space 66560K, 63% used [0x000000077a400000,0x000000077cd09a08,0x000000077e500000)
  to   space 83456K, 0% used [0x0000000782000000,0x0000000782000000,0x0000000787180000)
 ParOldGen       total 271360K, used 104084K [0x00000006ca400000, 0x00000006dad00000, 0x000000076e180000)
  object space 271360K, 38% used [0x00000006ca400000,0x00000006d09a5388,0x00000006dad00000)
 Metaspace       used 33302K, capacity 35325K, committed 35584K, reserved 1079296K
  class space    used 5102K, capacity 5511K, committed 5632K, reserved 1048576K
Event: 55.321 GC heap after
Heap after GC invocations=14 (full 2):
 PSYoungGen      total 325120K, used 35920K [0x000000076e180000, 0x0000000786c80000, 0x00000007c0000000)
  eden space 246784K, 0% used [0x000000076e180000,0x000000076e180000,0x000000077d280000)
  from space 78336K, 45% used [0x0000000782000000,0x00000007843141a8,0x0000000786c80000)
  to   space 78848K, 0% used [0x000000077d280000,0x000000077d280000,0x0000000781f80000)
 ParOldGen       total 271360K, used 135836K [0x00000006ca400000, 0x00000006dad00000, 0x000000076e180000)
  object space 271360K, 50% used [0x00000006ca400000,0x00000006d28a7130,0x00000006dad00000)
 Metaspace       used 33302K, capacity 35325K, committed 35584K, reserved 1079296K
  class space    used 5102K, capacity 5511K, committed 5632K, reserved 1048576K
}
Event: 64.625 GC heap before
{Heap before GC invocations=15 (full 2):
 PSYoungGen      total 325120K, used 282704K [0x000000076e180000, 0x0000000786c80000, 0x00000007c0000000)
  eden space 246784K, 100% used [0x000000076e180000,0x000000077d280000,0x000000077d280000)
  from space 78336K, 45% used [0x0000000782000000,0x00000007843141a8,0x0000000786c80000)
  to   space 78848K, 0% used [0x000000077d280000,0x000000077d280000,0x0000000781f80000)
 ParOldGen       total 271360K, used 135836K [0x00000006ca400000, 0x00000006dad00000, 0x000000076e180000)
  object space 271360K, 50% used [0x00000006ca400000,0x00000006d28a7130,0x00000006dad00000)
 Metaspace       used 33360K, capacity 35337K, committed 35584K, reserved 1079296K
  class space    used 5103K, capacity 5513K, committed 5632K, reserved 1048576K
Event: 64.678 GC heap after
Heap after GC invocations=15 (full 2):
 PSYoungGen      total 325632K, used 68762K [0x000000076e180000, 0x000000078b200000, 0x00000007c0000000)
  eden space 246784K, 0% used [0x000000076e180000,0x000000076e180000,0x000000077d280000)
  from space 78848K, 87% used [0x000000077d280000,0x00000007815a6880,0x0000000781f80000)
  to   space 87040K, 0% used [0x0000000785d00000,0x0000000785d00000,0x000000078b200000)
 ParOldGen       total 271360K, used 135844K [0x00000006ca400000, 0x00000006dad00000, 0x000000076e180000)
  object space 271360K, 50% used [0x00000006ca400000,0x00000006d28a9130,0x00000006dad00000)
 Metaspace       used 33360K, capacity 35337K, committed 35584K, reserved 1079296K
  class space    used 5103K, capacity 5513K, committed 5632K, reserved 1048576K
}
Event: 71.724 GC heap before
{Heap before GC invocations=16 (full 2):
 PSYoungGen      total 325632K, used 315546K [0x000000076e180000, 0x000000078b200000, 0x00000007c0000000)
  eden space 246784K, 100% used [0x000000076e180000,0x000000077d280000,0x000000077d280000)
  from space 78848K, 87% used [0x000000077d280000,0x00000007815a6880,0x0000000781f80000)
  to   space 87040K, 0% used [0x0000000785d00000,0x0000000785d00000,0x000000078b200000)
 ParOldGen       total 271360K, used 135844K [0x00000006ca400000, 0x00000006dad00000, 0x000000076e180000)
  object space 271360K, 50% used [0x00000006ca400000,0x00000006d28a9130,0x00000006dad00000)
 Metaspace       used 33447K, capacity 35471K, committed 35840K, reserved 1079296K
  class space    used 5106K, capacity 5514K, committed 5632K, reserved 1048576K
Event: 71.798 GC heap after
Heap after GC invocations=16 (full 2):
 PSYoungGen      total 372736K, used 87025K [0x000000076e180000, 0x000000078d280000, 0x00000007c0000000)
  eden space 285696K, 0% used [0x000000076e180000,0x000000076e180000,0x000000077f880000)
  from space 87040K, 99% used [0x0000000785d00000,0x000000078b1fc568,0x000000078b200000)
  to   space 102912K, 0% used [0x000000077f880000,0x000000077f880000,0x0000000785d00000)
 ParOldGen       total 271360K, used 143260K [0x00000006ca400000, 0x00000006dad00000, 0x000000076e180000)
  object space 271360K, 52% used [0x00000006ca400000,0x00000006d2fe7188,0x00000006dad00000)
 Metaspace       used 33447K, capacity 35471K, committed 35840K, reserved 1079296K
  class space    used 5106K, capacity 5514K, committed 5632K, reserved 1048576K
}
Event: 80.080 GC heap before
{Heap before GC invocations=17 (full 2):
 PSYoungGen      total 372736K, used 372721K [0x000000076e180000, 0x000000078d280000, 0x00000007c0000000)
  eden space 285696K, 100% used [0x000000076e180000,0x000000077f880000,0x000000077f880000)
  from space 87040K, 99% used [0x0000000785d00000,0x000000078b1fc568,0x000000078b200000)
  to   space 102912K, 0% used [0x000000077f880000,0x000000077f880000,0x0000000785d00000)
 ParOldGen       total 271360K, used 143260K [0x00000006ca400000, 0x00000006dad00000, 0x000000076e180000)
  object space 271360K, 52% used [0x00000006ca400000,0x00000006d2fe7188,0x00000006dad00000)
 Metaspace       used 33545K, capacity 35543K, committed 35840K, reserved 1079296K
  class space    used 5112K, capacity 5526K, committed 5632K, reserved 1048576K
Event: 80.172 GC heap after
Heap after GC invocations=17 (full 2):
 PSYoungGen      total 388608K, used 93683K [0x000000076e180000, 0x0000000791a80000, 0x00000007c0000000)
  eden space 285696K, 0% used [0x000000076e180000,0x000000076e180000,0x000000077f880000)
  from space 102912K, 91% used [0x000000077f880000,0x00000007853fcef0,0x0000000785d00000)
  to   space 115200K, 0% used [0x000000078aa00000,0x000000078aa00000,0x0000000791a80000)
 ParOldGen       total 271360K, used 174915K [0x00000006ca400000, 0x00000006dad00000, 0x000000076e180000)
  object space 271360K, 64% used [0x00000006ca400000,0x00000006d4ed0de8,0x00000006dad00000)
 Metaspace       used 33545K, capacity 35543K, committed 35840K, reserved 1079296K
  class space    used 5112K, capacity 5526K, committed 5632K, reserved 1048576K
}

